<?xml version="1.0" encoding="UTF-8"?>
<TestRun id="0334b5de-82b4-44ab-be83-c5822095fff2" name="Tim Miller@TIMMILLER-PC 2014-06-15 21:34:58" runUser="TimMiller-PC\Tim Miller" xmlns="http://microsoft.com/schemas/VisualStudio/TeamTest/2010">
  <TestSettings name="Local" id="8ea2c6a7-f67f-4dd3-aa3f-1a403deb484c">
    <Description>These are default test settings for a local test run.</Description>
    <Deployment enabled="false" runDeploymentRoot="Tim Miller_TIMMILLER-PC 2014-06-15 21_34_58">
      <DeploymentItem filename="H:\ThirdYear\OOSD\DiscreteEventSimulator\DiscreteEventSimulator\bin\Debug\DiscreteEventSimulator.exe" />
    </Deployment>
    <Execution>
      <TestTypeSpecific />
      <AgentRule name="Execution Agents">
      </AgentRule>
    </Execution>
  </TestSettings>
  <Times creation="2014-06-15T21:34:58.8786237+12:00" queuing="2014-06-15T21:34:59.2186242+12:00" start="2014-06-15T21:34:59.2386242+12:00" finish="2014-06-15T21:34:59.5686247+12:00" />
  <ResultSummary outcome="Failed">
    <Counters total="1" executed="1" error="0" failed="1" timeout="0" aborted="0" inconclusive="0" passedButRunAborted="0" notRunnable="0" notExecuted="0" disconnected="0" warning="0" passed="0" completed="0" inProgress="0" pending="0" />
    <RunInfos>
      <RunInfo computerName="TIMMILLER-PC" outcome="Warning" timestamp="2014-06-15T21:34:59.0186239+12:00">
        <Text>Deployment is currently disabled. The deployment item 'DiscreteEventSimulator.exe' on test 'DESTest.StatisticsHandlerTest.CalculateAverageNumberWaitingTestDivisionByZero' was not deployed.</Text>
      </RunInfo>
    </RunInfos>
  </ResultSummary>
  <TestDefinitions>
    <UnitTest name="CalculateAverageNumberWaitingTestDivisionByZero" storage="h:\thirdyear\oosd\discreteeventsimulator\destest\bin\debug\destest.dll" id="ff6bf428-a721-e54b-e7ec-e6c86101c17a">
      <DeploymentItems>
        <DeploymentItem filename="DiscreteEventSimulator.exe" />
      </DeploymentItems>
      <Execution id="b0ccf962-9e01-4758-844b-a5a2c980a088" />
      <TestMethod codeBase="H:/ThirdYear/OOSD/DiscreteEventSimulator/DESTest/bin/Debug/DESTest.DLL" adapterTypeName="Microsoft.VisualStudio.TestTools.TestTypes.Unit.UnitTestAdapter, Microsoft.VisualStudio.QualityTools.Tips.UnitTest.Adapter, Version=10.0.0.0, Culture=neutral, PublicKeyToken=b03f5f7f11d50a3a" className="DESTest.StatisticsHandlerTest, DESTest, Version=1.0.0.0, Culture=neutral, PublicKeyToken=null" name="CalculateAverageNumberWaitingTestDivisionByZero" />
    </UnitTest>
  </TestDefinitions>
  <TestLists>
    <TestList name="Results Not in a List" id="8c84fa94-04c1-424b-9868-57a2d4851a1d" />
    <TestList name="All Loaded Results" id="19431567-8539-422a-85d7-44ee4e166bda" />
  </TestLists>
  <TestEntries>
    <TestEntry testId="ff6bf428-a721-e54b-e7ec-e6c86101c17a" executionId="b0ccf962-9e01-4758-844b-a5a2c980a088" testListId="8c84fa94-04c1-424b-9868-57a2d4851a1d" />
  </TestEntries>
  <Results>
    <UnitTestResult executionId="b0ccf962-9e01-4758-844b-a5a2c980a088" testId="ff6bf428-a721-e54b-e7ec-e6c86101c17a" testName="CalculateAverageNumberWaitingTestDivisionByZero" computerName="TIMMILLER-PC" duration="00:00:00.1300391" startTime="2014-06-15T21:34:59.2386242+12:00" endTime="2014-06-15T21:34:59.5586246+12:00" testType="13cdc9d9-ddb5-4fa4-a97d-d965ccfc6d4b" outcome="Failed" testListId="8c84fa94-04c1-424b-9868-57a2d4851a1d" relativeResultsDirectory="b0ccf962-9e01-4758-844b-a5a2c980a088">
      <Output>
        <ErrorInfo>
          <Message>Assert.AreEqual failed. Expected:&lt;0&gt;. Actual:&lt;NaN&gt;. </Message>
          <StackTrace>   at DESTest.StatisticsHandlerTest.CalculateAverageNumberWaitingTestDivisionByZero() in H:\ThirdYear\OOSD\DiscreteEventSimulator\DESTest\StatisticsHandlerTest.cs:line 88
</StackTrace>
        </ErrorInfo>
      </Output>
    </UnitTestResult>
  </Results>
</TestRun>