<?xml version="1.0" encoding="UTF-8"?>
<TestRun id="ce64a301-847c-4e0e-91ab-5e299123835f" name="Tim Miller@TIMMILLER-PC 2014-06-15 22:11:48" runUser="TimMiller-PC\Tim Miller" xmlns="http://microsoft.com/schemas/VisualStudio/TeamTest/2010">
  <TestSettings name="Local" id="8ea2c6a7-f67f-4dd3-aa3f-1a403deb484c">
    <Description>These are default test settings for a local test run.</Description>
    <Deployment enabled="false" runDeploymentRoot="Tim Miller_TIMMILLER-PC 2014-06-15 22_11_48">
      <DeploymentItem filename="H:\ThirdYear\OOSD\DiscreteEventSimulator\DiscreteEventSimulator\bin\Debug\DiscreteEventSimulator.exe" />
    </Deployment>
    <Execution>
      <TestTypeSpecific />
      <AgentRule name="Execution Agents">
      </AgentRule>
    </Execution>
  </TestSettings>
  <Times creation="2014-06-15T22:11:48.4622372+12:00" queuing="2014-06-15T22:11:48.6122374+12:00" start="2014-06-15T22:11:48.6222374+12:00" finish="2014-06-15T22:11:48.8622378+12:00" />
  <ResultSummary outcome="Warning">
    <Counters total="7" executed="7" passed="7" error="0" failed="0" timeout="0" aborted="0" inconclusive="0" passedButRunAborted="0" notRunnable="0" notExecuted="0" disconnected="0" warning="0" completed="0" inProgress="0" pending="0" />
    <RunInfos>
      <RunInfo computerName="TIMMILLER-PC" outcome="Warning" timestamp="2014-06-15T22:11:48.5122373+12:00">
        <Text>Deployment is currently disabled. The deployment item 'DiscreteEventSimulator.exe' on test 'DESTest.StatisticsHandlerTest.CalculateRepUtiliziationTestDivisionByZero' was not deployed.</Text>
      </RunInfo>
    </RunInfos>
  </ResultSummary>
  <TestDefinitions>
    <UnitTest name="CalculateRepUtiliziationTestDivisionByZero" storage="h:\thirdyear\oosd\discreteeventsimulator\destest\bin\debug\destest.dll" id="7d9c122f-0bc8-d2ad-238b-bac06f9886da">
      <DeploymentItems>
        <DeploymentItem filename="DiscreteEventSimulator.exe" />
      </DeploymentItems>
      <Execution id="33f815bf-572b-44d9-9d7e-e6007f76fa25" />
      <TestMethod codeBase="H:/ThirdYear/OOSD/DiscreteEventSimulator/DESTest/bin/Debug/DESTest.DLL" adapterTypeName="Microsoft.VisualStudio.TestTools.TestTypes.Unit.UnitTestAdapter, Microsoft.VisualStudio.QualityTools.Tips.UnitTest.Adapter, Version=10.0.0.0, Culture=neutral, PublicKeyToken=b03f5f7f11d50a3a" className="DESTest.StatisticsHandlerTest, DESTest, Version=1.0.0.0, Culture=neutral, PublicKeyToken=null" name="CalculateRepUtiliziationTestDivisionByZero" />
    </UnitTest>
    <UnitTest name="CalculateAverageWaitTimeTestDivisionByZero" storage="h:\thirdyear\oosd\discreteeventsimulator\destest\bin\debug\destest.dll" id="cc6587bc-2a39-b9a3-0444-881061f6332a">
      <DeploymentItems>
        <DeploymentItem filename="DiscreteEventSimulator.exe" />
      </DeploymentItems>
      <Execution id="e5dee1a0-11f6-48fb-b104-6c0d109b6086" />
      <TestMethod codeBase="H:/ThirdYear/OOSD/DiscreteEventSimulator/DESTest/bin/Debug/DESTest.DLL" adapterTypeName="Microsoft.VisualStudio.TestTools.TestTypes.Unit.UnitTestAdapter, Microsoft.VisualStudio.QualityTools.Tips.UnitTest.Adapter, Version=10.0.0.0, Culture=neutral, PublicKeyToken=b03f5f7f11d50a3a" className="DESTest.StatisticsHandlerTest, DESTest, Version=1.0.0.0, Culture=neutral, PublicKeyToken=null" name="CalculateAverageWaitTimeTestDivisionByZero" />
    </UnitTest>
    <UnitTest name="CalculateAverageNumberWaitingTestDivisionByZero" storage="h:\thirdyear\oosd\discreteeventsimulator\destest\bin\debug\destest.dll" id="ff6bf428-a721-e54b-e7ec-e6c86101c17a">
      <DeploymentItems>
        <DeploymentItem filename="DiscreteEventSimulator.exe" />
      </DeploymentItems>
      <Execution id="d06a3954-4707-49b1-891c-bcb5b4b2e57f" />
      <TestMethod codeBase="H:/ThirdYear/OOSD/DiscreteEventSimulator/DESTest/bin/Debug/DESTest.DLL" adapterTypeName="Microsoft.VisualStudio.TestTools.TestTypes.Unit.UnitTestAdapter, Microsoft.VisualStudio.QualityTools.Tips.UnitTest.Adapter, Version=10.0.0.0, Culture=neutral, PublicKeyToken=b03f5f7f11d50a3a" className="DESTest.StatisticsHandlerTest, DESTest, Version=1.0.0.0, Culture=neutral, PublicKeyToken=null" name="CalculateAverageNumberWaitingTestDivisionByZero" />
    </UnitTest>
    <UnitTest name="CalculateAverageWaitTimeTestPerformCalculation" storage="h:\thirdyear\oosd\discreteeventsimulator\destest\bin\debug\destest.dll" id="1b83f471-88d8-1b45-06d5-0bf98336edc2">
      <DeploymentItems>
        <DeploymentItem filename="DiscreteEventSimulator.exe" />
      </DeploymentItems>
      <Execution id="b9e11df1-52bf-49ce-b2a1-8289c84f7e57" />
      <TestMethod codeBase="H:/ThirdYear/OOSD/DiscreteEventSimulator/DESTest/bin/Debug/DESTest.DLL" adapterTypeName="Microsoft.VisualStudio.TestTools.TestTypes.Unit.UnitTestAdapter, Microsoft.VisualStudio.QualityTools.Tips.UnitTest.Adapter, Version=10.0.0.0, Culture=neutral, PublicKeyToken=b03f5f7f11d50a3a" className="DESTest.StatisticsHandlerTest, DESTest, Version=1.0.0.0, Culture=neutral, PublicKeyToken=null" name="CalculateAverageWaitTimeTestPerformCalculation" />
    </UnitTest>
    <UnitTest name="CalculateAverageNumberWaitingTestPerformCalculation" storage="h:\thirdyear\oosd\discreteeventsimulator\destest\bin\debug\destest.dll" id="63c09288-c35f-c85d-0bdb-951fe5bd3433">
      <DeploymentItems>
        <DeploymentItem filename="DiscreteEventSimulator.exe" />
      </DeploymentItems>
      <Execution id="80fb4a84-4fd0-4798-8f80-6156883dde2a" />
      <TestMethod codeBase="H:/ThirdYear/OOSD/DiscreteEventSimulator/DESTest/bin/Debug/DESTest.DLL" adapterTypeName="Microsoft.VisualStudio.TestTools.TestTypes.Unit.UnitTestAdapter, Microsoft.VisualStudio.QualityTools.Tips.UnitTest.Adapter, Version=10.0.0.0, Culture=neutral, PublicKeyToken=b03f5f7f11d50a3a" className="DESTest.StatisticsHandlerTest, DESTest, Version=1.0.0.0, Culture=neutral, PublicKeyToken=null" name="CalculateAverageNumberWaitingTestPerformCalculation" />
    </UnitTest>
    <UnitTest name="CalculateRepUtiliziationTestPerformCalculation" storage="h:\thirdyear\oosd\discreteeventsimulator\destest\bin\debug\destest.dll" id="e11753b9-3e41-2528-fe4b-55dbda560c33">
      <DeploymentItems>
        <DeploymentItem filename="DiscreteEventSimulator.exe" />
      </DeploymentItems>
      <Execution id="05ff6bf5-752f-47aa-a723-82845fed05e5" />
      <TestMethod codeBase="H:/ThirdYear/OOSD/DiscreteEventSimulator/DESTest/bin/Debug/DESTest.DLL" adapterTypeName="Microsoft.VisualStudio.TestTools.TestTypes.Unit.UnitTestAdapter, Microsoft.VisualStudio.QualityTools.Tips.UnitTest.Adapter, Version=10.0.0.0, Culture=neutral, PublicKeyToken=b03f5f7f11d50a3a" className="DESTest.StatisticsHandlerTest, DESTest, Version=1.0.0.0, Culture=neutral, PublicKeyToken=null" name="CalculateRepUtiliziationTestPerformCalculation" />
    </UnitTest>
    <UnitTest name="CalculateAverageSystemTimeTestDivisionByZero" storage="h:\thirdyear\oosd\discreteeventsimulator\destest\bin\debug\destest.dll" id="0aca3d5c-b2aa-87cc-75f3-1502f78240c1">
      <DeploymentItems>
        <DeploymentItem filename="DiscreteEventSimulator.exe" />
      </DeploymentItems>
      <Execution id="72468add-efec-4a65-a1b8-09b1043be1a9" />
      <TestMethod codeBase="H:/ThirdYear/OOSD/DiscreteEventSimulator/DESTest/bin/Debug/DESTest.DLL" adapterTypeName="Microsoft.VisualStudio.TestTools.TestTypes.Unit.UnitTestAdapter, Microsoft.VisualStudio.QualityTools.Tips.UnitTest.Adapter, Version=10.0.0.0, Culture=neutral, PublicKeyToken=b03f5f7f11d50a3a" className="DESTest.StatisticsHandlerTest, DESTest, Version=1.0.0.0, Culture=neutral, PublicKeyToken=null" name="CalculateAverageSystemTimeTestDivisionByZero" />
    </UnitTest>
  </TestDefinitions>
  <TestLists>
    <TestList name="Results Not in a List" id="8c84fa94-04c1-424b-9868-57a2d4851a1d" />
    <TestList name="All Loaded Results" id="19431567-8539-422a-85d7-44ee4e166bda" />
  </TestLists>
  <TestEntries>
    <TestEntry testId="0aca3d5c-b2aa-87cc-75f3-1502f78240c1" executionId="72468add-efec-4a65-a1b8-09b1043be1a9" testListId="8c84fa94-04c1-424b-9868-57a2d4851a1d" />
    <TestEntry testId="1b83f471-88d8-1b45-06d5-0bf98336edc2" executionId="b9e11df1-52bf-49ce-b2a1-8289c84f7e57" testListId="8c84fa94-04c1-424b-9868-57a2d4851a1d" />
    <TestEntry testId="63c09288-c35f-c85d-0bdb-951fe5bd3433" executionId="80fb4a84-4fd0-4798-8f80-6156883dde2a" testListId="8c84fa94-04c1-424b-9868-57a2d4851a1d" />
    <TestEntry testId="7d9c122f-0bc8-d2ad-238b-bac06f9886da" executionId="33f815bf-572b-44d9-9d7e-e6007f76fa25" testListId="8c84fa94-04c1-424b-9868-57a2d4851a1d" />
    <TestEntry testId="cc6587bc-2a39-b9a3-0444-881061f6332a" executionId="e5dee1a0-11f6-48fb-b104-6c0d109b6086" testListId="8c84fa94-04c1-424b-9868-57a2d4851a1d" />
    <TestEntry testId="e11753b9-3e41-2528-fe4b-55dbda560c33" executionId="05ff6bf5-752f-47aa-a723-82845fed05e5" testListId="8c84fa94-04c1-424b-9868-57a2d4851a1d" />
    <TestEntry testId="ff6bf428-a721-e54b-e7ec-e6c86101c17a" executionId="d06a3954-4707-49b1-891c-bcb5b4b2e57f" testListId="8c84fa94-04c1-424b-9868-57a2d4851a1d" />
  </TestEntries>
  <Results>
    <UnitTestResult executionId="72468add-efec-4a65-a1b8-09b1043be1a9" testId="0aca3d5c-b2aa-87cc-75f3-1502f78240c1" testName="CalculateAverageSystemTimeTestDivisionByZero" computerName="TIMMILLER-PC" duration="00:00:00.0491303" startTime="2014-06-15T22:11:48.6322375+12:00" endTime="2014-06-15T22:11:48.8322377+12:00" testType="13cdc9d9-ddb5-4fa4-a97d-d965ccfc6d4b" outcome="Passed" testListId="8c84fa94-04c1-424b-9868-57a2d4851a1d" relativeResultsDirectory="72468add-efec-4a65-a1b8-09b1043be1a9">
    </UnitTestResult>
    <UnitTestResult executionId="b9e11df1-52bf-49ce-b2a1-8289c84f7e57" testId="1b83f471-88d8-1b45-06d5-0bf98336edc2" testName="CalculateAverageWaitTimeTestPerformCalculation" computerName="TIMMILLER-PC" duration="00:00:00.0008117" startTime="2014-06-15T22:11:48.8322377+12:00" endTime="2014-06-15T22:11:48.8322377+12:00" testType="13cdc9d9-ddb5-4fa4-a97d-d965ccfc6d4b" outcome="Passed" testListId="8c84fa94-04c1-424b-9868-57a2d4851a1d" relativeResultsDirectory="b9e11df1-52bf-49ce-b2a1-8289c84f7e57">
    </UnitTestResult>
    <UnitTestResult executionId="80fb4a84-4fd0-4798-8f80-6156883dde2a" testId="63c09288-c35f-c85d-0bdb-951fe5bd3433" testName="CalculateAverageNumberWaitingTestPerformCalculation" computerName="TIMMILLER-PC" duration="00:00:00.0014130" startTime="2014-06-15T22:11:48.8322377+12:00" endTime="2014-06-15T22:11:48.8322377+12:00" testType="13cdc9d9-ddb5-4fa4-a97d-d965ccfc6d4b" outcome="Passed" testListId="8c84fa94-04c1-424b-9868-57a2d4851a1d" relativeResultsDirectory="80fb4a84-4fd0-4798-8f80-6156883dde2a">
    </UnitTestResult>
    <UnitTestResult executionId="33f815bf-572b-44d9-9d7e-e6007f76fa25" testId="7d9c122f-0bc8-d2ad-238b-bac06f9886da" testName="CalculateRepUtiliziationTestDivisionByZero" computerName="TIMMILLER-PC" duration="00:00:00.0013606" startTime="2014-06-15T22:11:48.8322377+12:00" endTime="2014-06-15T22:11:48.8422377+12:00" testType="13cdc9d9-ddb5-4fa4-a97d-d965ccfc6d4b" outcome="Passed" testListId="8c84fa94-04c1-424b-9868-57a2d4851a1d" relativeResultsDirectory="33f815bf-572b-44d9-9d7e-e6007f76fa25">
    </UnitTestResult>
    <UnitTestResult executionId="e5dee1a0-11f6-48fb-b104-6c0d109b6086" testId="cc6587bc-2a39-b9a3-0444-881061f6332a" testName="CalculateAverageWaitTimeTestDivisionByZero" computerName="TIMMILLER-PC" duration="00:00:00.0001669" startTime="2014-06-15T22:11:48.8422377+12:00" endTime="2014-06-15T22:11:48.8422377+12:00" testType="13cdc9d9-ddb5-4fa4-a97d-d965ccfc6d4b" outcome="Passed" testListId="8c84fa94-04c1-424b-9868-57a2d4851a1d" relativeResultsDirectory="e5dee1a0-11f6-48fb-b104-6c0d109b6086">
    </UnitTestResult>
    <UnitTestResult executionId="05ff6bf5-752f-47aa-a723-82845fed05e5" testId="e11753b9-3e41-2528-fe4b-55dbda560c33" testName="CalculateRepUtiliziationTestPerformCalculation" computerName="TIMMILLER-PC" duration="00:00:00.0006156" startTime="2014-06-15T22:11:48.8422377+12:00" endTime="2014-06-15T22:11:48.8422377+12:00" testType="13cdc9d9-ddb5-4fa4-a97d-d965ccfc6d4b" outcome="Passed" testListId="8c84fa94-04c1-424b-9868-57a2d4851a1d" relativeResultsDirectory="05ff6bf5-752f-47aa-a723-82845fed05e5">
    </UnitTestResult>
    <UnitTestResult executionId="d06a3954-4707-49b1-891c-bcb5b4b2e57f" testId="ff6bf428-a721-e54b-e7ec-e6c86101c17a" testName="CalculateAverageNumberWaitingTestDivisionByZero" computerName="TIMMILLER-PC" duration="00:00:00.0001898" startTime="2014-06-15T22:11:48.8422377+12:00" endTime="2014-06-15T22:11:48.8422377+12:00" testType="13cdc9d9-ddb5-4fa4-a97d-d965ccfc6d4b" outcome="Passed" testListId="8c84fa94-04c1-424b-9868-57a2d4851a1d" relativeResultsDirectory="d06a3954-4707-49b1-891c-bcb5b4b2e57f">
    </UnitTestResult>
  </Results>
</TestRun>