<?xml version="1.0" encoding="UTF-8"?>
<TestRun id="4d658a21-325e-42fa-9e95-6d6b937a43ab" name="Tim Miller@TIMMILLER-PC 2014-07-27 20:35:50" runUser="TimMiller-PC\Tim Miller" xmlns="http://microsoft.com/schemas/VisualStudio/TeamTest/2006">
  <TestRunConfiguration name="Local Test Run" id="405cfe34-b5be-42a3-b8d8-da40913b267e">
    <Description>This is a default test run configuration for a local test run.</Description>
    <Deployment runDeploymentRoot="H:\ThirdYear\Alogorithms and Data Structures\PriorityQueue\TestResults\Tim Miller_TIMMILLER-PC 2014-07-27 20_35_50">
      <DeploymentItem filename="h:\ThirdYear\Alogorithms and Data Structures\PriorityQueue\Debug\PriorityQueue.exe" />
      <DeploymentItem filename="h:\ThirdYear\Alogorithms and Data Structures\PriorityQueue\UnitTesting\PriorityQueue_Accessor.exe" />
    </Deployment>
    <TestTypeSpecific />
  </TestRunConfiguration>
  <ResultSummary outcome="Failed">
    <Counters total="18" executed="18" passed="14" error="0" failed="4" timeout="0" aborted="0" inconclusive="0" passedButRunAborted="0" notRunnable="0" notExecuted="0" disconnected="0" warning="0" completed="0" inProgress="0" pending="0" />
  </ResultSummary>
  <Times creation="2014-07-27T20:35:50.8213577+12:00" queuing="2014-07-27T20:35:50.9493651+12:00" start="2014-07-27T20:35:51.0883730+12:00" finish="2014-07-27T20:35:51.1583770+12:00" />
  <TestDefinitions>
    <UnitTest name="PatientPriorityQueuePopOne" storage="h:\thirdyear\alogorithms and data structures\priorityqueue\debug\unittesting.dll" id="e7518be8-5bd4-df73-bd79-345d1842fd5b">
      <Css projectStructure="" iteration="" />
      <Owners>
        <Owner name="" />
      </Owners>
      <DeploymentItems>
        <DeploymentItem filename="PriorityQueue.exe" />
      </DeploymentItems>
      <Execution id="67fd54b9-fcb7-4e0f-bacb-2264ba742a13" />
      <TestMethod codeBase="h:\ThirdYear\Alogorithms and Data Structures\PriorityQueue\Debug\UnitTesting.dll" adapterTypeName="Microsoft.VisualStudio.TestTools.TestTypes.Unit.UnitTestAdapter, Microsoft.VisualStudio.QualityTools.Tips.UnitTest.Adapter, Version=9.0.0.0, Culture=neutral, PublicKeyToken=b03f5f7f11d50a3a" className="UnitTesting.PatientPriorityQueueTest, UnitTesting" name="PatientPriorityQueuePopOne" />
    </UnitTest>
    <UnitTest name="PatientPriorityQueuePushOrderingTest2" storage="h:\thirdyear\alogorithms and data structures\priorityqueue\debug\unittesting.dll" id="1260a3fa-3b84-74a6-c58d-9906e2a3fd8c">
      <Css projectStructure="" iteration="" />
      <Owners>
        <Owner name="" />
      </Owners>
      <DeploymentItems>
        <DeploymentItem filename="PriorityQueue.exe" />
      </DeploymentItems>
      <Execution id="741c9556-ec45-42ab-9d3d-2fe3660ced76" />
      <TestMethod codeBase="h:\ThirdYear\Alogorithms and Data Structures\PriorityQueue\Debug\UnitTesting.dll" adapterTypeName="Microsoft.VisualStudio.TestTools.TestTypes.Unit.UnitTestAdapter, Microsoft.VisualStudio.QualityTools.Tips.UnitTest.Adapter, Version=9.0.0.0, Culture=neutral, PublicKeyToken=b03f5f7f11d50a3a" className="UnitTesting.PatientPriorityQueueTest, UnitTesting" name="PatientPriorityQueuePushOrderingTest2" />
    </UnitTest>
    <UnitTest name="PatientPriorityQueuePopThenCount" storage="h:\thirdyear\alogorithms and data structures\priorityqueue\debug\unittesting.dll" id="d0b55539-9808-2d9b-98cd-3789026e45a7">
      <Css projectStructure="" iteration="" />
      <Owners>
        <Owner name="" />
      </Owners>
      <DeploymentItems>
        <DeploymentItem filename="PriorityQueue.exe" />
      </DeploymentItems>
      <Execution id="90868c1c-77c7-4bb9-bcff-f26b88237714" />
      <TestMethod codeBase="h:\ThirdYear\Alogorithms and Data Structures\PriorityQueue\Debug\UnitTesting.dll" adapterTypeName="Microsoft.VisualStudio.TestTools.TestTypes.Unit.UnitTestAdapter, Microsoft.VisualStudio.QualityTools.Tips.UnitTest.Adapter, Version=9.0.0.0, Culture=neutral, PublicKeyToken=b03f5f7f11d50a3a" className="UnitTesting.PatientPriorityQueueTest, UnitTesting" name="PatientPriorityQueuePopThenCount" />
    </UnitTest>
    <UnitTest name="PatientPriorityQueuePeekThenCount" storage="h:\thirdyear\alogorithms and data structures\priorityqueue\debug\unittesting.dll" id="7e99b74d-46f0-103c-8fb5-b0501b0e1b07">
      <Css projectStructure="" iteration="" />
      <Owners>
        <Owner name="" />
      </Owners>
      <DeploymentItems>
        <DeploymentItem filename="PriorityQueue.exe" />
      </DeploymentItems>
      <Execution id="ac7d61bf-bca5-4dab-87ad-7758db8c4eeb" />
      <TestMethod codeBase="h:\ThirdYear\Alogorithms and Data Structures\PriorityQueue\Debug\UnitTesting.dll" adapterTypeName="Microsoft.VisualStudio.TestTools.TestTypes.Unit.UnitTestAdapter, Microsoft.VisualStudio.QualityTools.Tips.UnitTest.Adapter, Version=9.0.0.0, Culture=neutral, PublicKeyToken=b03f5f7f11d50a3a" className="UnitTesting.PatientPriorityQueueTest, UnitTesting" name="PatientPriorityQueuePeekThenCount" />
    </UnitTest>
    <UnitTest name="PatientPriorityQueuePeekEmpty" storage="h:\thirdyear\alogorithms and data structures\priorityqueue\debug\unittesting.dll" id="bd142d2a-2795-dd25-27b5-15b8c111f54f">
      <Css projectStructure="" iteration="" />
      <Owners>
        <Owner name="" />
      </Owners>
      <DeploymentItems>
        <DeploymentItem filename="PriorityQueue.exe" />
      </DeploymentItems>
      <Execution id="c9f58392-4387-499c-adcc-773b9d7a431b" />
      <TestMethod codeBase="h:\ThirdYear\Alogorithms and Data Structures\PriorityQueue\Debug\UnitTesting.dll" adapterTypeName="Microsoft.VisualStudio.TestTools.TestTypes.Unit.UnitTestAdapter, Microsoft.VisualStudio.QualityTools.Tips.UnitTest.Adapter, Version=9.0.0.0, Culture=neutral, PublicKeyToken=b03f5f7f11d50a3a" className="UnitTesting.PatientPriorityQueueTest, UnitTesting" name="PatientPriorityQueuePeekEmpty" />
    </UnitTest>
    <UnitTest name="PatientPriorityQueuePopEmpty" storage="h:\thirdyear\alogorithms and data structures\priorityqueue\debug\unittesting.dll" id="41432813-2c38-bfec-e93b-17168bee09aa">
      <Css projectStructure="" iteration="" />
      <Owners>
        <Owner name="" />
      </Owners>
      <DeploymentItems>
        <DeploymentItem filename="PriorityQueue.exe" />
      </DeploymentItems>
      <Execution id="966f72c7-6f1b-45e2-9348-7a186e2d0135" />
      <TestMethod codeBase="h:\ThirdYear\Alogorithms and Data Structures\PriorityQueue\Debug\UnitTesting.dll" adapterTypeName="Microsoft.VisualStudio.TestTools.TestTypes.Unit.UnitTestAdapter, Microsoft.VisualStudio.QualityTools.Tips.UnitTest.Adapter, Version=9.0.0.0, Culture=neutral, PublicKeyToken=b03f5f7f11d50a3a" className="UnitTesting.PatientPriorityQueueTest, UnitTesting" name="PatientPriorityQueuePopEmpty" />
    </UnitTest>
    <UnitTest name="PatientPriorityQueuePushTest" storage="h:\thirdyear\alogorithms and data structures\priorityqueue\debug\unittesting.dll" id="0c435967-9cbb-6555-354a-6450dcf275b1">
      <Css projectStructure="" iteration="" />
      <Owners>
        <Owner name="" />
      </Owners>
      <DeploymentItems>
        <DeploymentItem filename="PriorityQueue.exe" />
      </DeploymentItems>
      <Execution id="834d6900-9d69-4686-b39c-138bf3f5f0e0" />
      <TestMethod codeBase="h:\ThirdYear\Alogorithms and Data Structures\PriorityQueue\Debug\UnitTesting.dll" adapterTypeName="Microsoft.VisualStudio.TestTools.TestTypes.Unit.UnitTestAdapter, Microsoft.VisualStudio.QualityTools.Tips.UnitTest.Adapter, Version=9.0.0.0, Culture=neutral, PublicKeyToken=b03f5f7f11d50a3a" className="UnitTesting.PatientPriorityQueueTest, UnitTesting" name="PatientPriorityQueuePushTest" />
    </UnitTest>
    <UnitTest name="TestMethod1" storage="h:\thirdyear\alogorithms and data structures\priorityqueue\debug\unittesting.dll" id="7491c77c-da9c-098e-ecd8-bca3f4e54129">
      <Css projectStructure="" iteration="" />
      <Owners>
        <Owner name="" />
      </Owners>
      <Execution id="7dc5a89b-5fab-4c4c-a51d-9b8810079337" />
      <TestMethod codeBase="h:\ThirdYear\Alogorithms and Data Structures\PriorityQueue\Debug\UnitTesting.dll" adapterTypeName="Microsoft.VisualStudio.TestTools.TestTypes.Unit.UnitTestAdapter, Microsoft.VisualStudio.QualityTools.Tips.UnitTest.Adapter, Version=9.0.0.0, Culture=neutral, PublicKeyToken=b03f5f7f11d50a3a" className="UnitTesting.UnitTest1, UnitTesting" name="TestMethod1" />
    </UnitTest>
    <UnitTest name="PatientPriorityQueuePushOrderingTest1" storage="h:\thirdyear\alogorithms and data structures\priorityqueue\debug\unittesting.dll" id="0b51f989-6f47-cdd3-9df2-eb6002b196aa">
      <Css projectStructure="" iteration="" />
      <Owners>
        <Owner name="" />
      </Owners>
      <DeploymentItems>
        <DeploymentItem filename="PriorityQueue.exe" />
      </DeploymentItems>
      <Execution id="8111eece-7cb0-4c00-b336-6e7fb0e4f4ff" />
      <TestMethod codeBase="h:\ThirdYear\Alogorithms and Data Structures\PriorityQueue\Debug\UnitTesting.dll" adapterTypeName="Microsoft.VisualStudio.TestTools.TestTypes.Unit.UnitTestAdapter, Microsoft.VisualStudio.QualityTools.Tips.UnitTest.Adapter, Version=9.0.0.0, Culture=neutral, PublicKeyToken=b03f5f7f11d50a3a" className="UnitTesting.PatientPriorityQueueTest, UnitTesting" name="PatientPriorityQueuePushOrderingTest1" />
    </UnitTest>
    <UnitTest name="PatientPriorityQueuePushQueueFullTest" storage="h:\thirdyear\alogorithms and data structures\priorityqueue\debug\unittesting.dll" id="d3f838bf-f278-a4c7-eda3-d0560c140ecc">
      <Css projectStructure="" iteration="" />
      <Owners>
        <Owner name="" />
      </Owners>
      <DeploymentItems>
        <DeploymentItem filename="PriorityQueue.exe" />
      </DeploymentItems>
      <Execution id="7d88bd92-750a-480c-9802-cd6ba38fe69c" />
      <TestMethod codeBase="h:\ThirdYear\Alogorithms and Data Structures\PriorityQueue\Debug\UnitTesting.dll" adapterTypeName="Microsoft.VisualStudio.TestTools.TestTypes.Unit.UnitTestAdapter, Microsoft.VisualStudio.QualityTools.Tips.UnitTest.Adapter, Version=9.0.0.0, Culture=neutral, PublicKeyToken=b03f5f7f11d50a3a" className="UnitTesting.PatientPriorityQueueTest, UnitTesting" name="PatientPriorityQueuePushQueueFullTest" />
    </UnitTest>
    <UnitTest name="PatientPriorityQueueIsEmptyFalse" storage="h:\thirdyear\alogorithms and data structures\priorityqueue\debug\unittesting.dll" id="f0a5e2de-28d8-8c63-cf49-bc2586fe9a00">
      <Css projectStructure="" iteration="" />
      <Owners>
        <Owner name="" />
      </Owners>
      <DeploymentItems>
        <DeploymentItem filename="PriorityQueue.exe" />
      </DeploymentItems>
      <Execution id="1af01390-3051-49ab-b608-01713bac43a7" />
      <TestMethod codeBase="h:\ThirdYear\Alogorithms and Data Structures\PriorityQueue\Debug\UnitTesting.dll" adapterTypeName="Microsoft.VisualStudio.TestTools.TestTypes.Unit.UnitTestAdapter, Microsoft.VisualStudio.QualityTools.Tips.UnitTest.Adapter, Version=9.0.0.0, Culture=neutral, PublicKeyToken=b03f5f7f11d50a3a" className="UnitTesting.PatientPriorityQueueTest, UnitTesting" name="PatientPriorityQueueIsEmptyFalse" />
    </UnitTest>
    <UnitTest name="PatientPriorityQueuePeekMany" storage="h:\thirdyear\alogorithms and data structures\priorityqueue\debug\unittesting.dll" id="48a9b903-cb8d-33db-fe44-265a7c77cd1e">
      <Css projectStructure="" iteration="" />
      <Owners>
        <Owner name="" />
      </Owners>
      <DeploymentItems>
        <DeploymentItem filename="PriorityQueue.exe" />
      </DeploymentItems>
      <Execution id="badaad23-2444-456b-9ec7-0662cff778ff" />
      <TestMethod codeBase="h:\ThirdYear\Alogorithms and Data Structures\PriorityQueue\Debug\UnitTesting.dll" adapterTypeName="Microsoft.VisualStudio.TestTools.TestTypes.Unit.UnitTestAdapter, Microsoft.VisualStudio.QualityTools.Tips.UnitTest.Adapter, Version=9.0.0.0, Culture=neutral, PublicKeyToken=b03f5f7f11d50a3a" className="UnitTesting.PatientPriorityQueueTest, UnitTesting" name="PatientPriorityQueuePeekMany" />
    </UnitTest>
    <UnitTest name="PatientPriorityQueuePopThenPeek" storage="h:\thirdyear\alogorithms and data structures\priorityqueue\debug\unittesting.dll" id="bb8ac6ed-32b8-2c44-fe52-d4530b6b61e1">
      <Css projectStructure="" iteration="" />
      <Owners>
        <Owner name="" />
      </Owners>
      <DeploymentItems>
        <DeploymentItem filename="PriorityQueue.exe" />
      </DeploymentItems>
      <Execution id="a136b31b-81df-490f-a98d-ec5022f25255" />
      <TestMethod codeBase="h:\ThirdYear\Alogorithms and Data Structures\PriorityQueue\Debug\UnitTesting.dll" adapterTypeName="Microsoft.VisualStudio.TestTools.TestTypes.Unit.UnitTestAdapter, Microsoft.VisualStudio.QualityTools.Tips.UnitTest.Adapter, Version=9.0.0.0, Culture=neutral, PublicKeyToken=b03f5f7f11d50a3a" className="UnitTesting.PatientPriorityQueueTest, UnitTesting" name="PatientPriorityQueuePopThenPeek" />
    </UnitTest>
    <UnitTest name="PatientPriorityQueueIsEmptyTrue" storage="h:\thirdyear\alogorithms and data structures\priorityqueue\debug\unittesting.dll" id="e2e77dd9-12b4-bda7-4a9d-58f66792a898">
      <Css projectStructure="" iteration="" />
      <Owners>
        <Owner name="" />
      </Owners>
      <DeploymentItems>
        <DeploymentItem filename="PriorityQueue.exe" />
      </DeploymentItems>
      <Execution id="e3c3c247-558c-4bd3-9df5-1347ac41d1e3" />
      <TestMethod codeBase="h:\ThirdYear\Alogorithms and Data Structures\PriorityQueue\Debug\UnitTesting.dll" adapterTypeName="Microsoft.VisualStudio.TestTools.TestTypes.Unit.UnitTestAdapter, Microsoft.VisualStudio.QualityTools.Tips.UnitTest.Adapter, Version=9.0.0.0, Culture=neutral, PublicKeyToken=b03f5f7f11d50a3a" className="UnitTesting.PatientPriorityQueueTest, UnitTesting" name="PatientPriorityQueueIsEmptyTrue" />
    </UnitTest>
    <UnitTest name="PatientPriorityQueueCountTest" storage="h:\thirdyear\alogorithms and data structures\priorityqueue\debug\unittesting.dll" id="8356b128-e985-50d0-78e1-d6068bad2479">
      <Css projectStructure="" iteration="" />
      <Owners>
        <Owner name="" />
      </Owners>
      <DeploymentItems>
        <DeploymentItem filename="PriorityQueue.exe" />
      </DeploymentItems>
      <Execution id="c82266d1-3002-41fd-a451-1b9708c0c732" />
      <TestMethod codeBase="h:\ThirdYear\Alogorithms and Data Structures\PriorityQueue\Debug\UnitTesting.dll" adapterTypeName="Microsoft.VisualStudio.TestTools.TestTypes.Unit.UnitTestAdapter, Microsoft.VisualStudio.QualityTools.Tips.UnitTest.Adapter, Version=9.0.0.0, Culture=neutral, PublicKeyToken=b03f5f7f11d50a3a" className="UnitTesting.PatientPriorityQueueTest, UnitTesting" name="PatientPriorityQueueCountTest" />
    </UnitTest>
    <UnitTest name="PatientPriorityQueuePopMany" storage="h:\thirdyear\alogorithms and data structures\priorityqueue\debug\unittesting.dll" id="7c361253-69bb-7ef3-00d0-d008821309d3">
      <Css projectStructure="" iteration="" />
      <Owners>
        <Owner name="" />
      </Owners>
      <DeploymentItems>
        <DeploymentItem filename="PriorityQueue.exe" />
      </DeploymentItems>
      <Execution id="653b7943-7bb2-4946-9f9e-5378542c2fa5" />
      <TestMethod codeBase="h:\ThirdYear\Alogorithms and Data Structures\PriorityQueue\Debug\UnitTesting.dll" adapterTypeName="Microsoft.VisualStudio.TestTools.TestTypes.Unit.UnitTestAdapter, Microsoft.VisualStudio.QualityTools.Tips.UnitTest.Adapter, Version=9.0.0.0, Culture=neutral, PublicKeyToken=b03f5f7f11d50a3a" className="UnitTesting.PatientPriorityQueueTest, UnitTesting" name="PatientPriorityQueuePopMany" />
    </UnitTest>
    <UnitTest name="PatientPriorityQueuePeekOne" storage="h:\thirdyear\alogorithms and data structures\priorityqueue\debug\unittesting.dll" id="ee3cfbef-dc1c-f7a5-1bb7-fe069ff2da32">
      <Css projectStructure="" iteration="" />
      <Owners>
        <Owner name="" />
      </Owners>
      <DeploymentItems>
        <DeploymentItem filename="PriorityQueue.exe" />
      </DeploymentItems>
      <Execution id="d9ace73e-7662-4ea6-b6c3-a5f40291ee84" />
      <TestMethod codeBase="h:\ThirdYear\Alogorithms and Data Structures\PriorityQueue\Debug\UnitTesting.dll" adapterTypeName="Microsoft.VisualStudio.TestTools.TestTypes.Unit.UnitTestAdapter, Microsoft.VisualStudio.QualityTools.Tips.UnitTest.Adapter, Version=9.0.0.0, Culture=neutral, PublicKeyToken=b03f5f7f11d50a3a" className="UnitTesting.PatientPriorityQueueTest, UnitTesting" name="PatientPriorityQueuePeekOne" />
    </UnitTest>
    <UnitTest name="PatientPriorityQueuePeekThenPop" storage="h:\thirdyear\alogorithms and data structures\priorityqueue\debug\unittesting.dll" id="a244bbf9-c048-b069-7e5d-945a0ec12cd5">
      <Css projectStructure="" iteration="" />
      <Owners>
        <Owner name="" />
      </Owners>
      <DeploymentItems>
        <DeploymentItem filename="PriorityQueue.exe" />
      </DeploymentItems>
      <Execution id="a948f2b2-3b8e-499c-b9ea-27e65336b9f6" />
      <TestMethod codeBase="h:\ThirdYear\Alogorithms and Data Structures\PriorityQueue\Debug\UnitTesting.dll" adapterTypeName="Microsoft.VisualStudio.TestTools.TestTypes.Unit.UnitTestAdapter, Microsoft.VisualStudio.QualityTools.Tips.UnitTest.Adapter, Version=9.0.0.0, Culture=neutral, PublicKeyToken=b03f5f7f11d50a3a" className="UnitTesting.PatientPriorityQueueTest, UnitTesting" name="PatientPriorityQueuePeekThenPop" />
    </UnitTest>
  </TestDefinitions>
  <TestLists>
    <TestList name="Results Not in a List" id="8c84fa94-04c1-424b-9868-57a2d4851a1d" />
    <TestList name="All Loaded Results" id="19431567-8539-422a-85d7-44ee4e166bda" />
  </TestLists>
  <TestEntries>
    <TestEntry testId="0b51f989-6f47-cdd3-9df2-eb6002b196aa" executionId="8111eece-7cb0-4c00-b336-6e7fb0e4f4ff" testListId="8c84fa94-04c1-424b-9868-57a2d4851a1d" />
    <TestEntry testId="0c435967-9cbb-6555-354a-6450dcf275b1" executionId="834d6900-9d69-4686-b39c-138bf3f5f0e0" testListId="8c84fa94-04c1-424b-9868-57a2d4851a1d" />
    <TestEntry testId="1260a3fa-3b84-74a6-c58d-9906e2a3fd8c" executionId="741c9556-ec45-42ab-9d3d-2fe3660ced76" testListId="8c84fa94-04c1-424b-9868-57a2d4851a1d" />
    <TestEntry testId="41432813-2c38-bfec-e93b-17168bee09aa" executionId="966f72c7-6f1b-45e2-9348-7a186e2d0135" testListId="8c84fa94-04c1-424b-9868-57a2d4851a1d" />
    <TestEntry testId="48a9b903-cb8d-33db-fe44-265a7c77cd1e" executionId="badaad23-2444-456b-9ec7-0662cff778ff" testListId="8c84fa94-04c1-424b-9868-57a2d4851a1d" />
    <TestEntry testId="7491c77c-da9c-098e-ecd8-bca3f4e54129" executionId="7dc5a89b-5fab-4c4c-a51d-9b8810079337" testListId="8c84fa94-04c1-424b-9868-57a2d4851a1d" />
    <TestEntry testId="7c361253-69bb-7ef3-00d0-d008821309d3" executionId="653b7943-7bb2-4946-9f9e-5378542c2fa5" testListId="8c84fa94-04c1-424b-9868-57a2d4851a1d" />
    <TestEntry testId="7e99b74d-46f0-103c-8fb5-b0501b0e1b07" executionId="ac7d61bf-bca5-4dab-87ad-7758db8c4eeb" testListId="8c84fa94-04c1-424b-9868-57a2d4851a1d" />
    <TestEntry testId="8356b128-e985-50d0-78e1-d6068bad2479" executionId="c82266d1-3002-41fd-a451-1b9708c0c732" testListId="8c84fa94-04c1-424b-9868-57a2d4851a1d" />
    <TestEntry testId="a244bbf9-c048-b069-7e5d-945a0ec12cd5" executionId="a948f2b2-3b8e-499c-b9ea-27e65336b9f6" testListId="8c84fa94-04c1-424b-9868-57a2d4851a1d" />
    <TestEntry testId="bb8ac6ed-32b8-2c44-fe52-d4530b6b61e1" executionId="a136b31b-81df-490f-a98d-ec5022f25255" testListId="8c84fa94-04c1-424b-9868-57a2d4851a1d" />
    <TestEntry testId="bd142d2a-2795-dd25-27b5-15b8c111f54f" executionId="c9f58392-4387-499c-adcc-773b9d7a431b" testListId="8c84fa94-04c1-424b-9868-57a2d4851a1d" />
    <TestEntry testId="d0b55539-9808-2d9b-98cd-3789026e45a7" executionId="90868c1c-77c7-4bb9-bcff-f26b88237714" testListId="8c84fa94-04c1-424b-9868-57a2d4851a1d" />
    <TestEntry testId="d3f838bf-f278-a4c7-eda3-d0560c140ecc" executionId="7d88bd92-750a-480c-9802-cd6ba38fe69c" testListId="8c84fa94-04c1-424b-9868-57a2d4851a1d" />
    <TestEntry testId="e2e77dd9-12b4-bda7-4a9d-58f66792a898" executionId="e3c3c247-558c-4bd3-9df5-1347ac41d1e3" testListId="8c84fa94-04c1-424b-9868-57a2d4851a1d" />
    <TestEntry testId="e7518be8-5bd4-df73-bd79-345d1842fd5b" executionId="67fd54b9-fcb7-4e0f-bacb-2264ba742a13" testListId="8c84fa94-04c1-424b-9868-57a2d4851a1d" />
    <TestEntry testId="ee3cfbef-dc1c-f7a5-1bb7-fe069ff2da32" executionId="d9ace73e-7662-4ea6-b6c3-a5f40291ee84" testListId="8c84fa94-04c1-424b-9868-57a2d4851a1d" />
    <TestEntry testId="f0a5e2de-28d8-8c63-cf49-bc2586fe9a00" executionId="1af01390-3051-49ab-b608-01713bac43a7" testListId="8c84fa94-04c1-424b-9868-57a2d4851a1d" />
  </TestEntries>
  <Results>
    <UnitTestResult executionId="8111eece-7cb0-4c00-b336-6e7fb0e4f4ff" testId="0b51f989-6f47-cdd3-9df2-eb6002b196aa" testName="PatientPriorityQueuePushOrderingTest1" computerName="TIMMILLER-PC" duration="00:00:00.0185822" startTime="2014-07-27T20:35:51.0883730+12:00" endTime="2014-07-27T20:35:51.1283753+12:00" testType="13cdc9d9-ddb5-4fa4-a97d-d965ccfc6d4b" outcome="Failed" testListId="8c84fa94-04c1-424b-9868-57a2d4851a1d">
      <Output>
        <ErrorInfo>
          <Message>Test method UnitTesting.PatientPriorityQueueTest.PatientPriorityQueuePushOrderingTest1 threw exception:  System.NullReferenceException: Object reference not set to an instance of an object..</Message>
          <StackTrace>    at Patient_Accessor.getPriority()
   at UnitTesting.PatientPriorityQueueTest.PatientPriorityQueuePushOrderingTest1() in h:\thirdyear\alogorithms and data structures\priorityqueue\unittesting\patientpriorityqueuetest.cpp:line 93
</StackTrace>
        </ErrorInfo>
      </Output>
    </UnitTestResult>
    <UnitTestResult executionId="834d6900-9d69-4686-b39c-138bf3f5f0e0" testId="0c435967-9cbb-6555-354a-6450dcf275b1" testName="PatientPriorityQueuePushTest" computerName="TIMMILLER-PC" duration="00:00:00.0005616" startTime="2014-07-27T20:35:51.1293753+12:00" endTime="2014-07-27T20:35:51.1303754+12:00" testType="13cdc9d9-ddb5-4fa4-a97d-d965ccfc6d4b" outcome="Failed" testListId="8c84fa94-04c1-424b-9868-57a2d4851a1d">
      <Output>
        <ErrorInfo>
          <Message>Test method UnitTesting.PatientPriorityQueueTest.PatientPriorityQueuePushTest threw exception:  System.NullReferenceException: Object reference not set to an instance of an object..</Message>
          <StackTrace>    at Patient_Accessor.getPriority()
   at UnitTesting.PatientPriorityQueueTest.PatientPriorityQueuePushTest() in h:\thirdyear\alogorithms and data structures\priorityqueue\unittesting\patientpriorityqueuetest.cpp:line 77
</StackTrace>
        </ErrorInfo>
      </Output>
    </UnitTestResult>
    <UnitTestResult executionId="741c9556-ec45-42ab-9d3d-2fe3660ced76" testId="1260a3fa-3b84-74a6-c58d-9906e2a3fd8c" testName="PatientPriorityQueuePushOrderingTest2" computerName="TIMMILLER-PC" duration="00:00:00.0005371" startTime="2014-07-27T20:35:51.1303754+12:00" endTime="2014-07-27T20:35:51.1313755+12:00" testType="13cdc9d9-ddb5-4fa4-a97d-d965ccfc6d4b" outcome="Failed" testListId="8c84fa94-04c1-424b-9868-57a2d4851a1d">
      <Output>
        <ErrorInfo>
          <Message>Test method UnitTesting.PatientPriorityQueueTest.PatientPriorityQueuePushOrderingTest2 threw exception:  System.NullReferenceException: Object reference not set to an instance of an object..</Message>
          <StackTrace>    at Patient_Accessor.getPriority()
   at UnitTesting.PatientPriorityQueueTest.PatientPriorityQueuePushOrderingTest2() in h:\thirdyear\alogorithms and data structures\priorityqueue\unittesting\patientpriorityqueuetest.cpp:line 109
</StackTrace>
        </ErrorInfo>
      </Output>
    </UnitTestResult>
    <UnitTestResult executionId="966f72c7-6f1b-45e2-9348-7a186e2d0135" testId="41432813-2c38-bfec-e93b-17168bee09aa" testName="PatientPriorityQueuePopEmpty" computerName="TIMMILLER-PC" duration="00:00:00.0004120" startTime="2014-07-27T20:35:51.1323755+12:00" endTime="2014-07-27T20:35:51.1333756+12:00" testType="13cdc9d9-ddb5-4fa4-a97d-d965ccfc6d4b" outcome="Passed" testListId="8c84fa94-04c1-424b-9868-57a2d4851a1d">
      <Output>
      </Output>
    </UnitTestResult>
    <UnitTestResult executionId="badaad23-2444-456b-9ec7-0662cff778ff" testId="48a9b903-cb8d-33db-fe44-265a7c77cd1e" testName="PatientPriorityQueuePeekMany" computerName="TIMMILLER-PC" duration="00:00:00.0007568" startTime="2014-07-27T20:35:51.1333756+12:00" endTime="2014-07-27T20:35:51.1353757+12:00" testType="13cdc9d9-ddb5-4fa4-a97d-d965ccfc6d4b" outcome="Passed" testListId="8c84fa94-04c1-424b-9868-57a2d4851a1d">
      <Output>
      </Output>
    </UnitTestResult>
    <UnitTestResult executionId="7dc5a89b-5fab-4c4c-a51d-9b8810079337" testId="7491c77c-da9c-098e-ecd8-bca3f4e54129" testName="TestMethod1" computerName="TIMMILLER-PC" duration="00:00:00.0002063" startTime="2014-07-27T20:35:51.1353757+12:00" endTime="2014-07-27T20:35:51.1363758+12:00" testType="13cdc9d9-ddb5-4fa4-a97d-d965ccfc6d4b" outcome="Passed" testListId="8c84fa94-04c1-424b-9868-57a2d4851a1d">
      <Output>
      </Output>
    </UnitTestResult>
    <UnitTestResult executionId="653b7943-7bb2-4946-9f9e-5378542c2fa5" testId="7c361253-69bb-7ef3-00d0-d008821309d3" testName="PatientPriorityQueuePopMany" computerName="TIMMILLER-PC" duration="00:00:00.0002466" startTime="2014-07-27T20:35:51.1363758+12:00" endTime="2014-07-27T20:35:51.1373758+12:00" testType="13cdc9d9-ddb5-4fa4-a97d-d965ccfc6d4b" outcome="Passed" testListId="8c84fa94-04c1-424b-9868-57a2d4851a1d">
      <Output>
      </Output>
    </UnitTestResult>
    <UnitTestResult executionId="ac7d61bf-bca5-4dab-87ad-7758db8c4eeb" testId="7e99b74d-46f0-103c-8fb5-b0501b0e1b07" testName="PatientPriorityQueuePeekThenCount" computerName="TIMMILLER-PC" duration="00:00:00.0010366" startTime="2014-07-27T20:35:51.1373758+12:00" endTime="2014-07-27T20:35:51.1393759+12:00" testType="13cdc9d9-ddb5-4fa4-a97d-d965ccfc6d4b" outcome="Failed" testListId="8c84fa94-04c1-424b-9868-57a2d4851a1d">
      <Output>
        <ErrorInfo>
          <Message>Assert.AreEqual failed. Expected:&lt;1&gt;. Actual:&lt;0&gt;. </Message>
          <StackTrace>   at UnitTesting.PatientPriorityQueueTest.PatientPriorityQueuePeekThenCount() in h:\thirdyear\alogorithms and data structures\priorityqueue\unittesting\patientpriorityqueuetest.cpp:line 294
</StackTrace>
        </ErrorInfo>
      </Output>
    </UnitTestResult>
    <UnitTestResult executionId="c82266d1-3002-41fd-a451-1b9708c0c732" testId="8356b128-e985-50d0-78e1-d6068bad2479" testName="PatientPriorityQueueCountTest" computerName="TIMMILLER-PC" duration="00:00:00.0002352" startTime="2014-07-27T20:35:51.1393759+12:00" endTime="2014-07-27T20:35:51.1403760+12:00" testType="13cdc9d9-ddb5-4fa4-a97d-d965ccfc6d4b" outcome="Passed" testListId="8c84fa94-04c1-424b-9868-57a2d4851a1d">
      <Output>
      </Output>
    </UnitTestResult>
    <UnitTestResult executionId="a948f2b2-3b8e-499c-b9ea-27e65336b9f6" testId="a244bbf9-c048-b069-7e5d-945a0ec12cd5" testName="PatientPriorityQueuePeekThenPop" computerName="TIMMILLER-PC" duration="00:00:00.0002603" startTime="2014-07-27T20:35:51.1403760+12:00" endTime="2014-07-27T20:35:51.1413760+12:00" testType="13cdc9d9-ddb5-4fa4-a97d-d965ccfc6d4b" outcome="Passed" testListId="8c84fa94-04c1-424b-9868-57a2d4851a1d">
      <Output>
      </Output>
    </UnitTestResult>
    <UnitTestResult executionId="a136b31b-81df-490f-a98d-ec5022f25255" testId="bb8ac6ed-32b8-2c44-fe52-d4530b6b61e1" testName="PatientPriorityQueuePopThenPeek" computerName="TIMMILLER-PC" duration="00:00:00.0004247" startTime="2014-07-27T20:35:51.1413760+12:00" endTime="2014-07-27T20:35:51.1453763+12:00" testType="13cdc9d9-ddb5-4fa4-a97d-d965ccfc6d4b" outcome="Passed" testListId="8c84fa94-04c1-424b-9868-57a2d4851a1d">
      <Output>
      </Output>
    </UnitTestResult>
    <UnitTestResult executionId="c9f58392-4387-499c-adcc-773b9d7a431b" testId="bd142d2a-2795-dd25-27b5-15b8c111f54f" testName="PatientPriorityQueuePeekEmpty" computerName="TIMMILLER-PC" duration="00:00:00.0001988" startTime="2014-07-27T20:35:51.1453763+12:00" endTime="2014-07-27T20:35:51.1463763+12:00" testType="13cdc9d9-ddb5-4fa4-a97d-d965ccfc6d4b" outcome="Passed" testListId="8c84fa94-04c1-424b-9868-57a2d4851a1d">
      <Output>
      </Output>
    </UnitTestResult>
    <UnitTestResult executionId="90868c1c-77c7-4bb9-bcff-f26b88237714" testId="d0b55539-9808-2d9b-98cd-3789026e45a7" testName="PatientPriorityQueuePopThenCount" computerName="TIMMILLER-PC" duration="00:00:00.0002724" startTime="2014-07-27T20:35:51.1463763+12:00" endTime="2014-07-27T20:35:51.1473764+12:00" testType="13cdc9d9-ddb5-4fa4-a97d-d965ccfc6d4b" outcome="Passed" testListId="8c84fa94-04c1-424b-9868-57a2d4851a1d">
      <Output>
      </Output>
    </UnitTestResult>
    <UnitTestResult executionId="7d88bd92-750a-480c-9802-cd6ba38fe69c" testId="d3f838bf-f278-a4c7-eda3-d0560c140ecc" testName="PatientPriorityQueuePushQueueFullTest" computerName="TIMMILLER-PC" duration="00:00:00.0010543" startTime="2014-07-27T20:35:51.1483764+12:00" endTime="2014-07-27T20:35:51.1493765+12:00" testType="13cdc9d9-ddb5-4fa4-a97d-d965ccfc6d4b" outcome="Passed" testListId="8c84fa94-04c1-424b-9868-57a2d4851a1d">
      <Output>
      </Output>
    </UnitTestResult>
    <UnitTestResult executionId="e3c3c247-558c-4bd3-9df5-1347ac41d1e3" testId="e2e77dd9-12b4-bda7-4a9d-58f66792a898" testName="PatientPriorityQueueIsEmptyTrue" computerName="TIMMILLER-PC" duration="00:00:00.0003726" startTime="2014-07-27T20:35:51.1503766+12:00" endTime="2014-07-27T20:35:51.1513766+12:00" testType="13cdc9d9-ddb5-4fa4-a97d-d965ccfc6d4b" outcome="Passed" testListId="8c84fa94-04c1-424b-9868-57a2d4851a1d">
      <Output>
      </Output>
    </UnitTestResult>
    <UnitTestResult executionId="67fd54b9-fcb7-4e0f-bacb-2264ba742a13" testId="e7518be8-5bd4-df73-bd79-345d1842fd5b" testName="PatientPriorityQueuePopOne" computerName="TIMMILLER-PC" duration="00:00:00.0002212" startTime="2014-07-27T20:35:51.1513766+12:00" endTime="2014-07-27T20:35:51.1523767+12:00" testType="13cdc9d9-ddb5-4fa4-a97d-d965ccfc6d4b" outcome="Passed" testListId="8c84fa94-04c1-424b-9868-57a2d4851a1d">
      <Output>
      </Output>
    </UnitTestResult>
    <UnitTestResult executionId="d9ace73e-7662-4ea6-b6c3-a5f40291ee84" testId="ee3cfbef-dc1c-f7a5-1bb7-fe069ff2da32" testName="PatientPriorityQueuePeekOne" computerName="TIMMILLER-PC" duration="00:00:00.0002190" startTime="2014-07-27T20:35:51.1523767+12:00" endTime="2014-07-27T20:35:51.1533767+12:00" testType="13cdc9d9-ddb5-4fa4-a97d-d965ccfc6d4b" outcome="Passed" testListId="8c84fa94-04c1-424b-9868-57a2d4851a1d">
      <Output>
      </Output>
    </UnitTestResult>
    <UnitTestResult executionId="1af01390-3051-49ab-b608-01713bac43a7" testId="f0a5e2de-28d8-8c63-cf49-bc2586fe9a00" testName="PatientPriorityQueueIsEmptyFalse" computerName="TIMMILLER-PC" duration="00:00:00.0002094" startTime="2014-07-27T20:35:51.1533767+12:00" endTime="2014-07-27T20:35:51.1543768+12:00" testType="13cdc9d9-ddb5-4fa4-a97d-d965ccfc6d4b" outcome="Passed" testListId="8c84fa94-04c1-424b-9868-57a2d4851a1d">
      <Output>
      </Output>
    </UnitTestResult>
  </Results>
</TestRun>