<?xml version="1.0" encoding="UTF-8"?>
<TestRun id="61bf1da4-782b-4898-a7bd-a3380e663df4" name="Tim Miller@TIMMILLER-PC 2014-07-27 20:35:43" runUser="TimMiller-PC\Tim Miller" xmlns="http://microsoft.com/schemas/VisualStudio/TeamTest/2006">
  <TestRunConfiguration name="Local Test Run" id="405cfe34-b5be-42a3-b8d8-da40913b267e">
    <Description>This is a default test run configuration for a local test run.</Description>
    <Deployment runDeploymentRoot="H:\ThirdYear\Alogorithms and Data Structures\PriorityQueue\TestResults\Tim Miller_TIMMILLER-PC 2014-07-27 20_35_43">
      <DeploymentItem filename="h:\ThirdYear\Alogorithms and Data Structures\PriorityQueue\Debug\PriorityQueue.exe" />
      <DeploymentItem filename="h:\ThirdYear\Alogorithms and Data Structures\PriorityQueue\UnitTesting\PriorityQueue_Accessor.exe" />
    </Deployment>
    <TestTypeSpecific />
  </TestRunConfiguration>
  <ResultSummary outcome="Failed">
    <Counters total="18" executed="18" passed="14" error="0" failed="4" timeout="0" aborted="0" inconclusive="0" passedButRunAborted="0" notRunnable="0" notExecuted="0" disconnected="0" warning="0" completed="0" inProgress="0" pending="0" />
  </ResultSummary>
  <Times creation="2014-07-27T20:35:43.6049450+12:00" queuing="2014-07-27T20:35:43.7269520+12:00" start="2014-07-27T20:35:43.8649598+12:00" finish="2014-07-27T20:35:43.9339638+12:00" />
  <TestDefinitions>
    <UnitTest name="PatientPriorityQueuePopOne" storage="h:\thirdyear\alogorithms and data structures\priorityqueue\debug\unittesting.dll" id="e7518be8-5bd4-df73-bd79-345d1842fd5b">
      <Css projectStructure="" iteration="" />
      <Owners>
        <Owner name="" />
      </Owners>
      <DeploymentItems>
        <DeploymentItem filename="PriorityQueue.exe" />
      </DeploymentItems>
      <Execution id="8a2a3d87-babd-4c57-9352-ee191346ba94" />
      <TestMethod codeBase="h:\ThirdYear\Alogorithms and Data Structures\PriorityQueue\Debug\UnitTesting.dll" adapterTypeName="Microsoft.VisualStudio.TestTools.TestTypes.Unit.UnitTestAdapter, Microsoft.VisualStudio.QualityTools.Tips.UnitTest.Adapter, Version=9.0.0.0, Culture=neutral, PublicKeyToken=b03f5f7f11d50a3a" className="UnitTesting.PatientPriorityQueueTest, UnitTesting" name="PatientPriorityQueuePopOne" />
    </UnitTest>
    <UnitTest name="PatientPriorityQueuePushOrderingTest2" storage="h:\thirdyear\alogorithms and data structures\priorityqueue\debug\unittesting.dll" id="1260a3fa-3b84-74a6-c58d-9906e2a3fd8c">
      <Css projectStructure="" iteration="" />
      <Owners>
        <Owner name="" />
      </Owners>
      <DeploymentItems>
        <DeploymentItem filename="PriorityQueue.exe" />
      </DeploymentItems>
      <Execution id="c5d09093-dd40-4e13-9c70-59d13404cd57" />
      <TestMethod codeBase="h:\ThirdYear\Alogorithms and Data Structures\PriorityQueue\Debug\UnitTesting.dll" adapterTypeName="Microsoft.VisualStudio.TestTools.TestTypes.Unit.UnitTestAdapter, Microsoft.VisualStudio.QualityTools.Tips.UnitTest.Adapter, Version=9.0.0.0, Culture=neutral, PublicKeyToken=b03f5f7f11d50a3a" className="UnitTesting.PatientPriorityQueueTest, UnitTesting" name="PatientPriorityQueuePushOrderingTest2" />
    </UnitTest>
    <UnitTest name="PatientPriorityQueuePopThenCount" storage="h:\thirdyear\alogorithms and data structures\priorityqueue\debug\unittesting.dll" id="d0b55539-9808-2d9b-98cd-3789026e45a7">
      <Css projectStructure="" iteration="" />
      <Owners>
        <Owner name="" />
      </Owners>
      <DeploymentItems>
        <DeploymentItem filename="PriorityQueue.exe" />
      </DeploymentItems>
      <Execution id="039dfdaa-bc4e-44b8-a853-93bcba4a8e24" />
      <TestMethod codeBase="h:\ThirdYear\Alogorithms and Data Structures\PriorityQueue\Debug\UnitTesting.dll" adapterTypeName="Microsoft.VisualStudio.TestTools.TestTypes.Unit.UnitTestAdapter, Microsoft.VisualStudio.QualityTools.Tips.UnitTest.Adapter, Version=9.0.0.0, Culture=neutral, PublicKeyToken=b03f5f7f11d50a3a" className="UnitTesting.PatientPriorityQueueTest, UnitTesting" name="PatientPriorityQueuePopThenCount" />
    </UnitTest>
    <UnitTest name="PatientPriorityQueuePeekThenCount" storage="h:\thirdyear\alogorithms and data structures\priorityqueue\debug\unittesting.dll" id="7e99b74d-46f0-103c-8fb5-b0501b0e1b07">
      <Css projectStructure="" iteration="" />
      <Owners>
        <Owner name="" />
      </Owners>
      <DeploymentItems>
        <DeploymentItem filename="PriorityQueue.exe" />
      </DeploymentItems>
      <Execution id="5e21c893-8c29-4673-9432-97229ed58d13" />
      <TestMethod codeBase="h:\ThirdYear\Alogorithms and Data Structures\PriorityQueue\Debug\UnitTesting.dll" adapterTypeName="Microsoft.VisualStudio.TestTools.TestTypes.Unit.UnitTestAdapter, Microsoft.VisualStudio.QualityTools.Tips.UnitTest.Adapter, Version=9.0.0.0, Culture=neutral, PublicKeyToken=b03f5f7f11d50a3a" className="UnitTesting.PatientPriorityQueueTest, UnitTesting" name="PatientPriorityQueuePeekThenCount" />
    </UnitTest>
    <UnitTest name="PatientPriorityQueuePeekEmpty" storage="h:\thirdyear\alogorithms and data structures\priorityqueue\debug\unittesting.dll" id="bd142d2a-2795-dd25-27b5-15b8c111f54f">
      <Css projectStructure="" iteration="" />
      <Owners>
        <Owner name="" />
      </Owners>
      <DeploymentItems>
        <DeploymentItem filename="PriorityQueue.exe" />
      </DeploymentItems>
      <Execution id="4a4eb906-5845-4229-904b-88de15312db7" />
      <TestMethod codeBase="h:\ThirdYear\Alogorithms and Data Structures\PriorityQueue\Debug\UnitTesting.dll" adapterTypeName="Microsoft.VisualStudio.TestTools.TestTypes.Unit.UnitTestAdapter, Microsoft.VisualStudio.QualityTools.Tips.UnitTest.Adapter, Version=9.0.0.0, Culture=neutral, PublicKeyToken=b03f5f7f11d50a3a" className="UnitTesting.PatientPriorityQueueTest, UnitTesting" name="PatientPriorityQueuePeekEmpty" />
    </UnitTest>
    <UnitTest name="PatientPriorityQueuePopEmpty" storage="h:\thirdyear\alogorithms and data structures\priorityqueue\debug\unittesting.dll" id="41432813-2c38-bfec-e93b-17168bee09aa">
      <Css projectStructure="" iteration="" />
      <Owners>
        <Owner name="" />
      </Owners>
      <DeploymentItems>
        <DeploymentItem filename="PriorityQueue.exe" />
      </DeploymentItems>
      <Execution id="3229237a-5220-4839-b28d-032859fb0d99" />
      <TestMethod codeBase="h:\ThirdYear\Alogorithms and Data Structures\PriorityQueue\Debug\UnitTesting.dll" adapterTypeName="Microsoft.VisualStudio.TestTools.TestTypes.Unit.UnitTestAdapter, Microsoft.VisualStudio.QualityTools.Tips.UnitTest.Adapter, Version=9.0.0.0, Culture=neutral, PublicKeyToken=b03f5f7f11d50a3a" className="UnitTesting.PatientPriorityQueueTest, UnitTesting" name="PatientPriorityQueuePopEmpty" />
    </UnitTest>
    <UnitTest name="PatientPriorityQueuePushTest" storage="h:\thirdyear\alogorithms and data structures\priorityqueue\debug\unittesting.dll" id="0c435967-9cbb-6555-354a-6450dcf275b1">
      <Css projectStructure="" iteration="" />
      <Owners>
        <Owner name="" />
      </Owners>
      <DeploymentItems>
        <DeploymentItem filename="PriorityQueue.exe" />
      </DeploymentItems>
      <Execution id="343f2af6-efed-4079-af5b-f3479c2a2d40" />
      <TestMethod codeBase="h:\ThirdYear\Alogorithms and Data Structures\PriorityQueue\Debug\UnitTesting.dll" adapterTypeName="Microsoft.VisualStudio.TestTools.TestTypes.Unit.UnitTestAdapter, Microsoft.VisualStudio.QualityTools.Tips.UnitTest.Adapter, Version=9.0.0.0, Culture=neutral, PublicKeyToken=b03f5f7f11d50a3a" className="UnitTesting.PatientPriorityQueueTest, UnitTesting" name="PatientPriorityQueuePushTest" />
    </UnitTest>
    <UnitTest name="TestMethod1" storage="h:\thirdyear\alogorithms and data structures\priorityqueue\debug\unittesting.dll" id="7491c77c-da9c-098e-ecd8-bca3f4e54129">
      <Css projectStructure="" iteration="" />
      <Owners>
        <Owner name="" />
      </Owners>
      <Execution id="048c74ac-640f-4d70-9ad2-ced87f851614" />
      <TestMethod codeBase="h:\ThirdYear\Alogorithms and Data Structures\PriorityQueue\Debug\UnitTesting.dll" adapterTypeName="Microsoft.VisualStudio.TestTools.TestTypes.Unit.UnitTestAdapter, Microsoft.VisualStudio.QualityTools.Tips.UnitTest.Adapter, Version=9.0.0.0, Culture=neutral, PublicKeyToken=b03f5f7f11d50a3a" className="UnitTesting.UnitTest1, UnitTesting" name="TestMethod1" />
    </UnitTest>
    <UnitTest name="PatientPriorityQueuePushOrderingTest1" storage="h:\thirdyear\alogorithms and data structures\priorityqueue\debug\unittesting.dll" id="0b51f989-6f47-cdd3-9df2-eb6002b196aa">
      <Css projectStructure="" iteration="" />
      <Owners>
        <Owner name="" />
      </Owners>
      <DeploymentItems>
        <DeploymentItem filename="PriorityQueue.exe" />
      </DeploymentItems>
      <Execution id="a5eb8af8-be8d-48cb-a591-a2be6a68c100" />
      <TestMethod codeBase="h:\ThirdYear\Alogorithms and Data Structures\PriorityQueue\Debug\UnitTesting.dll" adapterTypeName="Microsoft.VisualStudio.TestTools.TestTypes.Unit.UnitTestAdapter, Microsoft.VisualStudio.QualityTools.Tips.UnitTest.Adapter, Version=9.0.0.0, Culture=neutral, PublicKeyToken=b03f5f7f11d50a3a" className="UnitTesting.PatientPriorityQueueTest, UnitTesting" name="PatientPriorityQueuePushOrderingTest1" />
    </UnitTest>
    <UnitTest name="PatientPriorityQueuePushQueueFullTest" storage="h:\thirdyear\alogorithms and data structures\priorityqueue\debug\unittesting.dll" id="d3f838bf-f278-a4c7-eda3-d0560c140ecc">
      <Css projectStructure="" iteration="" />
      <Owners>
        <Owner name="" />
      </Owners>
      <DeploymentItems>
        <DeploymentItem filename="PriorityQueue.exe" />
      </DeploymentItems>
      <Execution id="d473c9aa-e5ad-43e9-850c-9885e5826c32" />
      <TestMethod codeBase="h:\ThirdYear\Alogorithms and Data Structures\PriorityQueue\Debug\UnitTesting.dll" adapterTypeName="Microsoft.VisualStudio.TestTools.TestTypes.Unit.UnitTestAdapter, Microsoft.VisualStudio.QualityTools.Tips.UnitTest.Adapter, Version=9.0.0.0, Culture=neutral, PublicKeyToken=b03f5f7f11d50a3a" className="UnitTesting.PatientPriorityQueueTest, UnitTesting" name="PatientPriorityQueuePushQueueFullTest" />
    </UnitTest>
    <UnitTest name="PatientPriorityQueueIsEmptyFalse" storage="h:\thirdyear\alogorithms and data structures\priorityqueue\debug\unittesting.dll" id="f0a5e2de-28d8-8c63-cf49-bc2586fe9a00">
      <Css projectStructure="" iteration="" />
      <Owners>
        <Owner name="" />
      </Owners>
      <DeploymentItems>
        <DeploymentItem filename="PriorityQueue.exe" />
      </DeploymentItems>
      <Execution id="1b09133c-1b35-4d1f-9f35-0e3104be7bb4" />
      <TestMethod codeBase="h:\ThirdYear\Alogorithms and Data Structures\PriorityQueue\Debug\UnitTesting.dll" adapterTypeName="Microsoft.VisualStudio.TestTools.TestTypes.Unit.UnitTestAdapter, Microsoft.VisualStudio.QualityTools.Tips.UnitTest.Adapter, Version=9.0.0.0, Culture=neutral, PublicKeyToken=b03f5f7f11d50a3a" className="UnitTesting.PatientPriorityQueueTest, UnitTesting" name="PatientPriorityQueueIsEmptyFalse" />
    </UnitTest>
    <UnitTest name="PatientPriorityQueuePeekMany" storage="h:\thirdyear\alogorithms and data structures\priorityqueue\debug\unittesting.dll" id="48a9b903-cb8d-33db-fe44-265a7c77cd1e">
      <Css projectStructure="" iteration="" />
      <Owners>
        <Owner name="" />
      </Owners>
      <DeploymentItems>
        <DeploymentItem filename="PriorityQueue.exe" />
      </DeploymentItems>
      <Execution id="c1dbbe06-9f96-48f0-a3c6-c19d32ac6a74" />
      <TestMethod codeBase="h:\ThirdYear\Alogorithms and Data Structures\PriorityQueue\Debug\UnitTesting.dll" adapterTypeName="Microsoft.VisualStudio.TestTools.TestTypes.Unit.UnitTestAdapter, Microsoft.VisualStudio.QualityTools.Tips.UnitTest.Adapter, Version=9.0.0.0, Culture=neutral, PublicKeyToken=b03f5f7f11d50a3a" className="UnitTesting.PatientPriorityQueueTest, UnitTesting" name="PatientPriorityQueuePeekMany" />
    </UnitTest>
    <UnitTest name="PatientPriorityQueuePopThenPeek" storage="h:\thirdyear\alogorithms and data structures\priorityqueue\debug\unittesting.dll" id="bb8ac6ed-32b8-2c44-fe52-d4530b6b61e1">
      <Css projectStructure="" iteration="" />
      <Owners>
        <Owner name="" />
      </Owners>
      <DeploymentItems>
        <DeploymentItem filename="PriorityQueue.exe" />
      </DeploymentItems>
      <Execution id="26306c48-af85-478c-9688-2b15fdc1927c" />
      <TestMethod codeBase="h:\ThirdYear\Alogorithms and Data Structures\PriorityQueue\Debug\UnitTesting.dll" adapterTypeName="Microsoft.VisualStudio.TestTools.TestTypes.Unit.UnitTestAdapter, Microsoft.VisualStudio.QualityTools.Tips.UnitTest.Adapter, Version=9.0.0.0, Culture=neutral, PublicKeyToken=b03f5f7f11d50a3a" className="UnitTesting.PatientPriorityQueueTest, UnitTesting" name="PatientPriorityQueuePopThenPeek" />
    </UnitTest>
    <UnitTest name="PatientPriorityQueueIsEmptyTrue" storage="h:\thirdyear\alogorithms and data structures\priorityqueue\debug\unittesting.dll" id="e2e77dd9-12b4-bda7-4a9d-58f66792a898">
      <Css projectStructure="" iteration="" />
      <Owners>
        <Owner name="" />
      </Owners>
      <DeploymentItems>
        <DeploymentItem filename="PriorityQueue.exe" />
      </DeploymentItems>
      <Execution id="2649a89f-209f-4486-821a-eef124eb57f9" />
      <TestMethod codeBase="h:\ThirdYear\Alogorithms and Data Structures\PriorityQueue\Debug\UnitTesting.dll" adapterTypeName="Microsoft.VisualStudio.TestTools.TestTypes.Unit.UnitTestAdapter, Microsoft.VisualStudio.QualityTools.Tips.UnitTest.Adapter, Version=9.0.0.0, Culture=neutral, PublicKeyToken=b03f5f7f11d50a3a" className="UnitTesting.PatientPriorityQueueTest, UnitTesting" name="PatientPriorityQueueIsEmptyTrue" />
    </UnitTest>
    <UnitTest name="PatientPriorityQueueCountTest" storage="h:\thirdyear\alogorithms and data structures\priorityqueue\debug\unittesting.dll" id="8356b128-e985-50d0-78e1-d6068bad2479">
      <Css projectStructure="" iteration="" />
      <Owners>
        <Owner name="" />
      </Owners>
      <DeploymentItems>
        <DeploymentItem filename="PriorityQueue.exe" />
      </DeploymentItems>
      <Execution id="8cc55243-b392-4ff8-a47b-c3054fe1c0c6" />
      <TestMethod codeBase="h:\ThirdYear\Alogorithms and Data Structures\PriorityQueue\Debug\UnitTesting.dll" adapterTypeName="Microsoft.VisualStudio.TestTools.TestTypes.Unit.UnitTestAdapter, Microsoft.VisualStudio.QualityTools.Tips.UnitTest.Adapter, Version=9.0.0.0, Culture=neutral, PublicKeyToken=b03f5f7f11d50a3a" className="UnitTesting.PatientPriorityQueueTest, UnitTesting" name="PatientPriorityQueueCountTest" />
    </UnitTest>
    <UnitTest name="PatientPriorityQueuePopMany" storage="h:\thirdyear\alogorithms and data structures\priorityqueue\debug\unittesting.dll" id="7c361253-69bb-7ef3-00d0-d008821309d3">
      <Css projectStructure="" iteration="" />
      <Owners>
        <Owner name="" />
      </Owners>
      <DeploymentItems>
        <DeploymentItem filename="PriorityQueue.exe" />
      </DeploymentItems>
      <Execution id="5198aa20-5bcb-4509-865b-e9643a74ddf8" />
      <TestMethod codeBase="h:\ThirdYear\Alogorithms and Data Structures\PriorityQueue\Debug\UnitTesting.dll" adapterTypeName="Microsoft.VisualStudio.TestTools.TestTypes.Unit.UnitTestAdapter, Microsoft.VisualStudio.QualityTools.Tips.UnitTest.Adapter, Version=9.0.0.0, Culture=neutral, PublicKeyToken=b03f5f7f11d50a3a" className="UnitTesting.PatientPriorityQueueTest, UnitTesting" name="PatientPriorityQueuePopMany" />
    </UnitTest>
    <UnitTest name="PatientPriorityQueuePeekOne" storage="h:\thirdyear\alogorithms and data structures\priorityqueue\debug\unittesting.dll" id="ee3cfbef-dc1c-f7a5-1bb7-fe069ff2da32">
      <Css projectStructure="" iteration="" />
      <Owners>
        <Owner name="" />
      </Owners>
      <DeploymentItems>
        <DeploymentItem filename="PriorityQueue.exe" />
      </DeploymentItems>
      <Execution id="5fb6f836-ea6d-4d4b-a8f9-2a4d4555c373" />
      <TestMethod codeBase="h:\ThirdYear\Alogorithms and Data Structures\PriorityQueue\Debug\UnitTesting.dll" adapterTypeName="Microsoft.VisualStudio.TestTools.TestTypes.Unit.UnitTestAdapter, Microsoft.VisualStudio.QualityTools.Tips.UnitTest.Adapter, Version=9.0.0.0, Culture=neutral, PublicKeyToken=b03f5f7f11d50a3a" className="UnitTesting.PatientPriorityQueueTest, UnitTesting" name="PatientPriorityQueuePeekOne" />
    </UnitTest>
    <UnitTest name="PatientPriorityQueuePeekThenPop" storage="h:\thirdyear\alogorithms and data structures\priorityqueue\debug\unittesting.dll" id="a244bbf9-c048-b069-7e5d-945a0ec12cd5">
      <Css projectStructure="" iteration="" />
      <Owners>
        <Owner name="" />
      </Owners>
      <DeploymentItems>
        <DeploymentItem filename="PriorityQueue.exe" />
      </DeploymentItems>
      <Execution id="6cff953e-07dd-4b71-b94a-4a6994b535db" />
      <TestMethod codeBase="h:\ThirdYear\Alogorithms and Data Structures\PriorityQueue\Debug\UnitTesting.dll" adapterTypeName="Microsoft.VisualStudio.TestTools.TestTypes.Unit.UnitTestAdapter, Microsoft.VisualStudio.QualityTools.Tips.UnitTest.Adapter, Version=9.0.0.0, Culture=neutral, PublicKeyToken=b03f5f7f11d50a3a" className="UnitTesting.PatientPriorityQueueTest, UnitTesting" name="PatientPriorityQueuePeekThenPop" />
    </UnitTest>
  </TestDefinitions>
  <TestLists>
    <TestList name="Results Not in a List" id="8c84fa94-04c1-424b-9868-57a2d4851a1d" />
    <TestList name="All Loaded Results" id="19431567-8539-422a-85d7-44ee4e166bda" />
  </TestLists>
  <TestEntries>
    <TestEntry testId="0b51f989-6f47-cdd3-9df2-eb6002b196aa" executionId="a5eb8af8-be8d-48cb-a591-a2be6a68c100" testListId="8c84fa94-04c1-424b-9868-57a2d4851a1d" />
    <TestEntry testId="0c435967-9cbb-6555-354a-6450dcf275b1" executionId="343f2af6-efed-4079-af5b-f3479c2a2d40" testListId="8c84fa94-04c1-424b-9868-57a2d4851a1d" />
    <TestEntry testId="1260a3fa-3b84-74a6-c58d-9906e2a3fd8c" executionId="c5d09093-dd40-4e13-9c70-59d13404cd57" testListId="8c84fa94-04c1-424b-9868-57a2d4851a1d" />
    <TestEntry testId="41432813-2c38-bfec-e93b-17168bee09aa" executionId="3229237a-5220-4839-b28d-032859fb0d99" testListId="8c84fa94-04c1-424b-9868-57a2d4851a1d" />
    <TestEntry testId="48a9b903-cb8d-33db-fe44-265a7c77cd1e" executionId="c1dbbe06-9f96-48f0-a3c6-c19d32ac6a74" testListId="8c84fa94-04c1-424b-9868-57a2d4851a1d" />
    <TestEntry testId="7491c77c-da9c-098e-ecd8-bca3f4e54129" executionId="048c74ac-640f-4d70-9ad2-ced87f851614" testListId="8c84fa94-04c1-424b-9868-57a2d4851a1d" />
    <TestEntry testId="7c361253-69bb-7ef3-00d0-d008821309d3" executionId="5198aa20-5bcb-4509-865b-e9643a74ddf8" testListId="8c84fa94-04c1-424b-9868-57a2d4851a1d" />
    <TestEntry testId="7e99b74d-46f0-103c-8fb5-b0501b0e1b07" executionId="5e21c893-8c29-4673-9432-97229ed58d13" testListId="8c84fa94-04c1-424b-9868-57a2d4851a1d" />
    <TestEntry testId="8356b128-e985-50d0-78e1-d6068bad2479" executionId="8cc55243-b392-4ff8-a47b-c3054fe1c0c6" testListId="8c84fa94-04c1-424b-9868-57a2d4851a1d" />
    <TestEntry testId="a244bbf9-c048-b069-7e5d-945a0ec12cd5" executionId="6cff953e-07dd-4b71-b94a-4a6994b535db" testListId="8c84fa94-04c1-424b-9868-57a2d4851a1d" />
    <TestEntry testId="bb8ac6ed-32b8-2c44-fe52-d4530b6b61e1" executionId="26306c48-af85-478c-9688-2b15fdc1927c" testListId="8c84fa94-04c1-424b-9868-57a2d4851a1d" />
    <TestEntry testId="bd142d2a-2795-dd25-27b5-15b8c111f54f" executionId="4a4eb906-5845-4229-904b-88de15312db7" testListId="8c84fa94-04c1-424b-9868-57a2d4851a1d" />
    <TestEntry testId="d0b55539-9808-2d9b-98cd-3789026e45a7" executionId="039dfdaa-bc4e-44b8-a853-93bcba4a8e24" testListId="8c84fa94-04c1-424b-9868-57a2d4851a1d" />
    <TestEntry testId="d3f838bf-f278-a4c7-eda3-d0560c140ecc" executionId="d473c9aa-e5ad-43e9-850c-9885e5826c32" testListId="8c84fa94-04c1-424b-9868-57a2d4851a1d" />
    <TestEntry testId="e2e77dd9-12b4-bda7-4a9d-58f66792a898" executionId="2649a89f-209f-4486-821a-eef124eb57f9" testListId="8c84fa94-04c1-424b-9868-57a2d4851a1d" />
    <TestEntry testId="e7518be8-5bd4-df73-bd79-345d1842fd5b" executionId="8a2a3d87-babd-4c57-9352-ee191346ba94" testListId="8c84fa94-04c1-424b-9868-57a2d4851a1d" />
    <TestEntry testId="ee3cfbef-dc1c-f7a5-1bb7-fe069ff2da32" executionId="5fb6f836-ea6d-4d4b-a8f9-2a4d4555c373" testListId="8c84fa94-04c1-424b-9868-57a2d4851a1d" />
    <TestEntry testId="f0a5e2de-28d8-8c63-cf49-bc2586fe9a00" executionId="1b09133c-1b35-4d1f-9f35-0e3104be7bb4" testListId="8c84fa94-04c1-424b-9868-57a2d4851a1d" />
  </TestEntries>
  <Results>
    <UnitTestResult executionId="a5eb8af8-be8d-48cb-a591-a2be6a68c100" testId="0b51f989-6f47-cdd3-9df2-eb6002b196aa" testName="PatientPriorityQueuePushOrderingTest1" computerName="TIMMILLER-PC" duration="00:00:00.0197827" startTime="2014-07-27T20:35:43.8649598+12:00" endTime="2014-07-27T20:35:43.9079623+12:00" testType="13cdc9d9-ddb5-4fa4-a97d-d965ccfc6d4b" outcome="Failed" testListId="8c84fa94-04c1-424b-9868-57a2d4851a1d">
      <Output>
        <ErrorInfo>
          <Message>Test method UnitTesting.PatientPriorityQueueTest.PatientPriorityQueuePushOrderingTest1 threw exception:  System.NullReferenceException: Object reference not set to an instance of an object..</Message>
          <StackTrace>    at Patient_Accessor.getPriority()
   at UnitTesting.PatientPriorityQueueTest.PatientPriorityQueuePushOrderingTest1() in h:\thirdyear\alogorithms and data structures\priorityqueue\unittesting\patientpriorityqueuetest.cpp:line 93
</StackTrace>
        </ErrorInfo>
      </Output>
    </UnitTestResult>
    <UnitTestResult executionId="343f2af6-efed-4079-af5b-f3479c2a2d40" testId="0c435967-9cbb-6555-354a-6450dcf275b1" testName="PatientPriorityQueuePushTest" computerName="TIMMILLER-PC" duration="00:00:00.0005470" startTime="2014-07-27T20:35:43.9079623+12:00" endTime="2014-07-27T20:35:43.9089624+12:00" testType="13cdc9d9-ddb5-4fa4-a97d-d965ccfc6d4b" outcome="Failed" testListId="8c84fa94-04c1-424b-9868-57a2d4851a1d">
      <Output>
        <ErrorInfo>
          <Message>Test method UnitTesting.PatientPriorityQueueTest.PatientPriorityQueuePushTest threw exception:  System.NullReferenceException: Object reference not set to an instance of an object..</Message>
          <StackTrace>    at Patient_Accessor.getPriority()
   at UnitTesting.PatientPriorityQueueTest.PatientPriorityQueuePushTest() in h:\thirdyear\alogorithms and data structures\priorityqueue\unittesting\patientpriorityqueuetest.cpp:line 77
</StackTrace>
        </ErrorInfo>
      </Output>
    </UnitTestResult>
    <UnitTestResult executionId="c5d09093-dd40-4e13-9c70-59d13404cd57" testId="1260a3fa-3b84-74a6-c58d-9906e2a3fd8c" testName="PatientPriorityQueuePushOrderingTest2" computerName="TIMMILLER-PC" duration="00:00:00.0005473" startTime="2014-07-27T20:35:43.9089624+12:00" endTime="2014-07-27T20:35:43.9109625+12:00" testType="13cdc9d9-ddb5-4fa4-a97d-d965ccfc6d4b" outcome="Failed" testListId="8c84fa94-04c1-424b-9868-57a2d4851a1d">
      <Output>
        <ErrorInfo>
          <Message>Test method UnitTesting.PatientPriorityQueueTest.PatientPriorityQueuePushOrderingTest2 threw exception:  System.NullReferenceException: Object reference not set to an instance of an object..</Message>
          <StackTrace>    at Patient_Accessor.getPriority()
   at UnitTesting.PatientPriorityQueueTest.PatientPriorityQueuePushOrderingTest2() in h:\thirdyear\alogorithms and data structures\priorityqueue\unittesting\patientpriorityqueuetest.cpp:line 109
</StackTrace>
        </ErrorInfo>
      </Output>
    </UnitTestResult>
    <UnitTestResult executionId="3229237a-5220-4839-b28d-032859fb0d99" testId="41432813-2c38-bfec-e93b-17168bee09aa" testName="PatientPriorityQueuePopEmpty" computerName="TIMMILLER-PC" duration="00:00:00.0004167" startTime="2014-07-27T20:35:43.9109625+12:00" endTime="2014-07-27T20:35:43.9119625+12:00" testType="13cdc9d9-ddb5-4fa4-a97d-d965ccfc6d4b" outcome="Passed" testListId="8c84fa94-04c1-424b-9868-57a2d4851a1d">
      <Output>
      </Output>
    </UnitTestResult>
    <UnitTestResult executionId="c1dbbe06-9f96-48f0-a3c6-c19d32ac6a74" testId="48a9b903-cb8d-33db-fe44-265a7c77cd1e" testName="PatientPriorityQueuePeekMany" computerName="TIMMILLER-PC" duration="00:00:00.0007552" startTime="2014-07-27T20:35:43.9119625+12:00" endTime="2014-07-27T20:35:43.9129626+12:00" testType="13cdc9d9-ddb5-4fa4-a97d-d965ccfc6d4b" outcome="Passed" testListId="8c84fa94-04c1-424b-9868-57a2d4851a1d">
      <Output>
      </Output>
    </UnitTestResult>
    <UnitTestResult executionId="048c74ac-640f-4d70-9ad2-ced87f851614" testId="7491c77c-da9c-098e-ecd8-bca3f4e54129" testName="TestMethod1" computerName="TIMMILLER-PC" duration="00:00:00.0002041" startTime="2014-07-27T20:35:43.9139627+12:00" endTime="2014-07-27T20:35:43.9149627+12:00" testType="13cdc9d9-ddb5-4fa4-a97d-d965ccfc6d4b" outcome="Passed" testListId="8c84fa94-04c1-424b-9868-57a2d4851a1d">
      <Output>
      </Output>
    </UnitTestResult>
    <UnitTestResult executionId="5198aa20-5bcb-4509-865b-e9643a74ddf8" testId="7c361253-69bb-7ef3-00d0-d008821309d3" testName="PatientPriorityQueuePopMany" computerName="TIMMILLER-PC" duration="00:00:00.0002640" startTime="2014-07-27T20:35:43.9149627+12:00" endTime="2014-07-27T20:35:43.9159628+12:00" testType="13cdc9d9-ddb5-4fa4-a97d-d965ccfc6d4b" outcome="Passed" testListId="8c84fa94-04c1-424b-9868-57a2d4851a1d">
      <Output>
      </Output>
    </UnitTestResult>
    <UnitTestResult executionId="5e21c893-8c29-4673-9432-97229ed58d13" testId="7e99b74d-46f0-103c-8fb5-b0501b0e1b07" testName="PatientPriorityQueuePeekThenCount" computerName="TIMMILLER-PC" duration="00:00:00.0009935" startTime="2014-07-27T20:35:43.9159628+12:00" endTime="2014-07-27T20:35:43.9179629+12:00" testType="13cdc9d9-ddb5-4fa4-a97d-d965ccfc6d4b" outcome="Failed" testListId="8c84fa94-04c1-424b-9868-57a2d4851a1d">
      <Output>
        <ErrorInfo>
          <Message>Assert.AreEqual failed. Expected:&lt;1&gt;. Actual:&lt;0&gt;. </Message>
          <StackTrace>   at UnitTesting.PatientPriorityQueueTest.PatientPriorityQueuePeekThenCount() in h:\thirdyear\alogorithms and data structures\priorityqueue\unittesting\patientpriorityqueuetest.cpp:line 294
</StackTrace>
        </ErrorInfo>
      </Output>
    </UnitTestResult>
    <UnitTestResult executionId="8cc55243-b392-4ff8-a47b-c3054fe1c0c6" testId="8356b128-e985-50d0-78e1-d6068bad2479" testName="PatientPriorityQueueCountTest" computerName="TIMMILLER-PC" duration="00:00:00.0002255" startTime="2014-07-27T20:35:43.9179629+12:00" endTime="2014-07-27T20:35:43.9189629+12:00" testType="13cdc9d9-ddb5-4fa4-a97d-d965ccfc6d4b" outcome="Passed" testListId="8c84fa94-04c1-424b-9868-57a2d4851a1d">
      <Output>
      </Output>
    </UnitTestResult>
    <UnitTestResult executionId="6cff953e-07dd-4b71-b94a-4a6994b535db" testId="a244bbf9-c048-b069-7e5d-945a0ec12cd5" testName="PatientPriorityQueuePeekThenPop" computerName="TIMMILLER-PC" duration="00:00:00.0002817" startTime="2014-07-27T20:35:43.9189629+12:00" endTime="2014-07-27T20:35:43.9199630+12:00" testType="13cdc9d9-ddb5-4fa4-a97d-d965ccfc6d4b" outcome="Passed" testListId="8c84fa94-04c1-424b-9868-57a2d4851a1d">
      <Output>
      </Output>
    </UnitTestResult>
    <UnitTestResult executionId="26306c48-af85-478c-9688-2b15fdc1927c" testId="bb8ac6ed-32b8-2c44-fe52-d4530b6b61e1" testName="PatientPriorityQueuePopThenPeek" computerName="TIMMILLER-PC" duration="00:00:00.0002609" startTime="2014-07-27T20:35:43.9209631+12:00" endTime="2014-07-27T20:35:43.9219631+12:00" testType="13cdc9d9-ddb5-4fa4-a97d-d965ccfc6d4b" outcome="Passed" testListId="8c84fa94-04c1-424b-9868-57a2d4851a1d">
      <Output>
      </Output>
    </UnitTestResult>
    <UnitTestResult executionId="4a4eb906-5845-4229-904b-88de15312db7" testId="bd142d2a-2795-dd25-27b5-15b8c111f54f" testName="PatientPriorityQueuePeekEmpty" computerName="TIMMILLER-PC" duration="00:00:00.0001920" startTime="2014-07-27T20:35:43.9219631+12:00" endTime="2014-07-27T20:35:43.9229632+12:00" testType="13cdc9d9-ddb5-4fa4-a97d-d965ccfc6d4b" outcome="Passed" testListId="8c84fa94-04c1-424b-9868-57a2d4851a1d">
      <Output>
      </Output>
    </UnitTestResult>
    <UnitTestResult executionId="039dfdaa-bc4e-44b8-a853-93bcba4a8e24" testId="d0b55539-9808-2d9b-98cd-3789026e45a7" testName="PatientPriorityQueuePopThenCount" computerName="TIMMILLER-PC" duration="00:00:00.0002684" startTime="2014-07-27T20:35:43.9229632+12:00" endTime="2014-07-27T20:35:43.9239632+12:00" testType="13cdc9d9-ddb5-4fa4-a97d-d965ccfc6d4b" outcome="Passed" testListId="8c84fa94-04c1-424b-9868-57a2d4851a1d">
      <Output>
      </Output>
    </UnitTestResult>
    <UnitTestResult executionId="d473c9aa-e5ad-43e9-850c-9885e5826c32" testId="d3f838bf-f278-a4c7-eda3-d0560c140ecc" testName="PatientPriorityQueuePushQueueFullTest" computerName="TIMMILLER-PC" duration="00:00:00.0010875" startTime="2014-07-27T20:35:43.9239632+12:00" endTime="2014-07-27T20:35:43.9259633+12:00" testType="13cdc9d9-ddb5-4fa4-a97d-d965ccfc6d4b" outcome="Passed" testListId="8c84fa94-04c1-424b-9868-57a2d4851a1d">
      <Output>
      </Output>
    </UnitTestResult>
    <UnitTestResult executionId="2649a89f-209f-4486-821a-eef124eb57f9" testId="e2e77dd9-12b4-bda7-4a9d-58f66792a898" testName="PatientPriorityQueueIsEmptyTrue" computerName="TIMMILLER-PC" duration="00:00:00.0003807" startTime="2014-07-27T20:35:43.9259633+12:00" endTime="2014-07-27T20:35:43.9269634+12:00" testType="13cdc9d9-ddb5-4fa4-a97d-d965ccfc6d4b" outcome="Passed" testListId="8c84fa94-04c1-424b-9868-57a2d4851a1d">
      <Output>
      </Output>
    </UnitTestResult>
    <UnitTestResult executionId="8a2a3d87-babd-4c57-9352-ee191346ba94" testId="e7518be8-5bd4-df73-bd79-345d1842fd5b" testName="PatientPriorityQueuePopOne" computerName="TIMMILLER-PC" duration="00:00:00.0002358" startTime="2014-07-27T20:35:43.9279635+12:00" endTime="2014-07-27T20:35:43.9289635+12:00" testType="13cdc9d9-ddb5-4fa4-a97d-d965ccfc6d4b" outcome="Passed" testListId="8c84fa94-04c1-424b-9868-57a2d4851a1d">
      <Output>
      </Output>
    </UnitTestResult>
    <UnitTestResult executionId="5fb6f836-ea6d-4d4b-a8f9-2a4d4555c373" testId="ee3cfbef-dc1c-f7a5-1bb7-fe069ff2da32" testName="PatientPriorityQueuePeekOne" computerName="TIMMILLER-PC" duration="00:00:00.0002209" startTime="2014-07-27T20:35:43.9289635+12:00" endTime="2014-07-27T20:35:43.9299636+12:00" testType="13cdc9d9-ddb5-4fa4-a97d-d965ccfc6d4b" outcome="Passed" testListId="8c84fa94-04c1-424b-9868-57a2d4851a1d">
      <Output>
      </Output>
    </UnitTestResult>
    <UnitTestResult executionId="1b09133c-1b35-4d1f-9f35-0e3104be7bb4" testId="f0a5e2de-28d8-8c63-cf49-bc2586fe9a00" testName="PatientPriorityQueueIsEmptyFalse" computerName="TIMMILLER-PC" duration="00:00:00.0002125" startTime="2014-07-27T20:35:43.9299636+12:00" endTime="2014-07-27T20:35:43.9309636+12:00" testType="13cdc9d9-ddb5-4fa4-a97d-d965ccfc6d4b" outcome="Passed" testListId="8c84fa94-04c1-424b-9868-57a2d4851a1d">
      <Output>
      </Output>
    </UnitTestResult>
  </Results>
</TestRun>